<?xml version="1.0" encoding="UTF-8"?>
<!-- Generated by org.testng.reporters.JUnitReportReporter -->
<testsuite hostname="Chikkus_hp" failures="0" tests="2" name="com.obsqura.testscripts.ManageProductsTest" time="13.636" errors="0" timestamp="2023-06-19T00:52:21 GMT-04:00" skipped="0">
  <testcase classname="com.obsqura.testscripts.ManageProductsTest" name="verifySearchFunctionalityInManageProductsPage" time="6.650"/>
  <system-out/>
  <testcase classname="com.obsqura.testscripts.ManageProductsTest" name="verifyDeleteFunctionalityInManageProductsPage" time="6.986"/>
  <system-out/>
</testsuite> <!-- com.obsqura.testscripts.ManageProductsTest -->
