<?xml version="1.0" encoding="UTF-8"?>
<!-- Generated by org.testng.reporters.JUnitReportReporter -->
<testsuite hostname="Chikkus_hp" failures="0" tests="1" name="com.obsqura.testscripts.LoginTest" time="9.905" errors="0" timestamp="2023-06-15T23:02:09 GMT-04:00" skipped="0">
  <testcase classname="com.obsqura.testscripts.LoginTest" name="verifyTheUserCanAbletoLoginwithValidusernameandValidPasswordWhileClickonSignInButton" time="9.905"/>
  <system-out/>
</testsuite> <!-- com.obsqura.testscripts.LoginTest -->
