<?xml version="1.0" encoding="UTF-8"?>
<!-- Generated by org.testng.reporters.JUnitReportReporter -->
<testsuite hostname="Chikkus_hp" failures="0" tests="1" name="com.obsqura.testscripts.ManageLocationTest" time="13.713" errors="0" timestamp="2023-06-14T03:13:51 GMT-04:00" skipped="0">
  <testcase classname="com.obsqura.testscripts.ManageLocationTest" name="verifyAddLocationFunctionalityByClickingNewButtonInManageLocationPage" time="13.713"/>
  <system-out/>
</testsuite> <!-- com.obsqura.testscripts.ManageLocationTest -->
