<?xml version="1.0" encoding="UTF-8"?>
<!-- Generated by org.testng.reporters.JUnitReportReporter -->
<testsuite hostname="Chikkus_hp" failures="0" tests="4" name="com.obsqura.testscripts.ManageOfferCodeTest" time="31.716" errors="0" timestamp="2023-06-19T00:52:21 GMT-04:00" skipped="0">
  <testcase classname="com.obsqura.testscripts.ManageOfferCodeTest" name="verifyAddNewOfferCodeFunctionalityInManageOfferCodePage" time="7.166"/>
  <system-out/>
  <testcase classname="com.obsqura.testscripts.ManageOfferCodeTest" name="verifyDeleteFunctionalityAfterSearchingForAnOfferCodeInManageOfferPage" time="9.001"/>
  <system-out/>
  <testcase classname="com.obsqura.testscripts.ManageOfferCodeTest" name="verifySearchFunctionalityInManageOfferCodePageByEnteringAnOfferCode" time="6.169"/>
  <system-out/>
  <testcase classname="com.obsqura.testscripts.ManageOfferCodeTest" name="verifyEditFunctionalityAfterSearchingForAnOfferCodeInManageOfferPage" time="9.380"/>
  <system-out/>
</testsuite> <!-- com.obsqura.testscripts.ManageOfferCodeTest -->
