<?xml version="1.0" encoding="UTF-8"?>
<!-- Generated by org.testng.reporters.JUnitReportReporter -->
<testsuite hostname="Chikkus_hp" failures="0" tests="1" name="com.obsqura.testscripts.ManageDeliveryBoyTest" time="11.051" errors="0" timestamp="2023-06-14T02:14:53 GMT-04:00" skipped="0">
  <testcase classname="com.obsqura.testscripts.ManageDeliveryBoyTest" name="verifyAddNewDeliveryBoyFunctionalityFromMangeDeliveryBoyPage" time="11.051"/>
  <system-out/>
</testsuite> <!-- com.obsqura.testscripts.ManageDeliveryBoyTest -->
