<?xml version="1.0" encoding="UTF-8"?>
<!-- Generated by org.testng.reporters.JUnitReportReporter -->
<testsuite hostname="Chikkus_hp" failures="0" tests="1" name="com.obsqura.testscripts.ManageLocationTest" time="8.329" errors="0" timestamp="2023-06-15T00:55:34 GMT-04:00" skipped="0">
  <testcase classname="com.obsqura.testscripts.ManageLocationTest" name="verifySearchLocationFunctionalityByClickingSearchButtonInManageLocationPage" time="8.329"/>
  <system-out/>
</testsuite> <!-- com.obsqura.testscripts.ManageLocationTest -->
