<?xml version="1.0" encoding="UTF-8"?>
<!-- Generated by org.testng.reporters.JUnitReportReporter -->
<testsuite hostname="Chikkus_hp" failures="0" tests="2" name="com.obsqura.testscripts.ManageDeliveryBoyTest" time="15.240" errors="0" timestamp="2023-06-19T00:52:21 GMT-04:00" skipped="0">
  <testcase classname="com.obsqura.testscripts.ManageDeliveryBoyTest" name="verifyEditDeliveryBoyFunctionalityFromManageDeliveryBoyPageByEditingPhoneNumberAndAddress" time="7.231"/>
  <system-out/>
  <testcase classname="com.obsqura.testscripts.ManageDeliveryBoyTest" name="verifyAddNewDeliveryBoyFunctionalityFromMangeDeliveryBoyPage" time="8.009"/>
  <system-out/>
</testsuite> <!-- com.obsqura.testscripts.ManageDeliveryBoyTest -->
