<?xml version="1.0" encoding="UTF-8"?>
<!-- Generated by org.testng.reporters.JUnitReportReporter -->
<testsuite hostname="Chikkus_hp" failures="0" tests="1" name="com.obsqura.testscripts.ManageOfferCodeTest" time="30.384" errors="0" timestamp="2023-06-14T01:22:10 GMT-04:00" skipped="0">
  <testcase classname="com.obsqura.testscripts.ManageOfferCodeTest" name="verifyAddNewOfferCodeFunctionalityInManageOfferCodePage" time="30.384"/>
  <system-out/>
</testsuite> <!-- com.obsqura.testscripts.ManageOfferCodeTest -->
